<?xml version="1.0" encoding="UTF-8"?>
<!-- Generated by org.testng.reporters.JUnitXMLReporter -->
<testsuite ignored="0" hostname="LAPTOP-GQGQPERM" failures="0" tests="4" name="Default test" time="0.13" errors="0" timestamp="2024-10-10T17:39:03 IST">
  <testcase classname="SLK.TestNg.App" name="t" time="0.036"/>
  <testcase classname="SLK.TestNg.App" name="tes" time="0.003"/>
  <testcase classname="SLK.TestNg.App" name="testi" time="0.003"/>
  <testcase classname="SLK.TestNg.App" name="tests" time="0.002"/>
</testsuite> <!-- Default test -->
