<?xml version="1.0" encoding="UTF-8"?>
<!-- Generated by org.testng.reporters.JUnitXMLReporter -->
<testsuite ignored="0" hostname="LAPTOP-GQGQPERM" failures="0" tests="7" name="Personal loan" time="0.074" errors="0" timestamp="2024-10-10T19:00:21 IST">
  <testcase classname="SLK.TestNg.App" name="t" time="0.015"/>
  <testcase classname="SLK.TestNg.App" name="tes" time="0.001"/>
  <testcase classname="SLK.TestNg.App" name="testi" time="0.001"/>
  <testcase classname="SLK.TestNg.App" name="tests" time="0.001"/>
  <testcase classname="SLK.TestNg.App2" name="u" time="0.001"/>
  <testcase classname="SLK.TestNg.App2" name="ut" time="0.001"/>
  <testcase classname="SLK.TestNg.App2" name="utu" time="0.001"/>
</testsuite> <!-- Personal loan -->
