<?xml version="1.0" encoding="UTF-8"?>
<testng-results ignored="0" total="7" passed="7" failed="0" skipped="0">
  <reporter-output>
  </reporter-output>
  <suite started-at="2024-10-10T19:00:21 IST" name="Suite" finished-at="2024-10-10T19:00:21 IST" duration-ms="74">
    <groups>
    </groups>
    <test started-at="2024-10-10T19:00:21 IST" name="Personal loan" finished-at="2024-10-10T19:00:21 IST" duration-ms="74">
      <class name="SLK.TestNg.App">
        <test-method signature="t()[pri:0, instance:SLK.TestNg.App@434a63ab]" started-at="2024-10-10T19:00:21 IST" name="t" finished-at="2024-10-10T19:00:21 IST" duration-ms="15" status="PASS">
          <reporter-output>
          </reporter-output>
        </test-method> <!-- t -->
        <test-method signature="tes()[pri:0, instance:SLK.TestNg.App@434a63ab]" started-at="2024-10-10T19:00:21 IST" name="tes" finished-at="2024-10-10T19:00:21 IST" duration-ms="1" status="PASS">
          <reporter-output>
          </reporter-output>
        </test-method> <!-- tes -->
        <test-method signature="testi()[pri:0, instance:SLK.TestNg.App@434a63ab]" started-at="2024-10-10T19:00:21 IST" name="testi" finished-at="2024-10-10T19:00:21 IST" duration-ms="1" status="PASS">
          <reporter-output>
          </reporter-output>
        </test-method> <!-- testi -->
        <test-method signature="tests()[pri:0, instance:SLK.TestNg.App@434a63ab]" started-at="2024-10-10T19:00:21 IST" name="tests" finished-at="2024-10-10T19:00:21 IST" duration-ms="1" status="PASS">
          <reporter-output>
          </reporter-output>
        </test-method> <!-- tests -->
      </class> <!-- SLK.TestNg.App -->
      <class name="SLK.TestNg.App2">
        <test-method signature="u()[pri:0, instance:SLK.TestNg.App2@1e1a0406]" started-at="2024-10-10T19:00:21 IST" name="u" finished-at="2024-10-10T19:00:21 IST" duration-ms="1" status="PASS">
          <reporter-output>
          </reporter-output>
        </test-method> <!-- u -->
        <test-method signature="ut()[pri:0, instance:SLK.TestNg.App2@1e1a0406]" started-at="2024-10-10T19:00:21 IST" name="ut" finished-at="2024-10-10T19:00:21 IST" duration-ms="1" status="PASS">
          <reporter-output>
          </reporter-output>
        </test-method> <!-- ut -->
        <test-method signature="utu()[pri:0, instance:SLK.TestNg.App2@1e1a0406]" started-at="2024-10-10T19:00:21 IST" name="utu" finished-at="2024-10-10T19:00:21 IST" duration-ms="1" status="PASS">
          <reporter-output>
          </reporter-output>
        </test-method> <!-- utu -->
      </class> <!-- SLK.TestNg.App2 -->
    </test> <!-- Personal loan -->
  </suite> <!-- Suite -->
</testng-results>
